<?xml version="1.0" encoding="UTF-8"?>
<coverage generated="1677792353604" clover="3.2.0">
  <project timestamp="1677792353605" name="All files">
    <metrics statements="43" coveredstatements="40" conditionals="30" coveredconditionals="25" methods="5" coveredmethods="5" elements="78" coveredelements="70" complexity="0" loc="43" ncloc="43" packages="1" files="2" classes="2"/>
    <file name="bst-node.js" path="C:\Users\tedjo\Desktop\BinarySearchTree\src\bst-node.js">
      <metrics statements="3" coveredstatements="3" conditionals="0" coveredconditionals="0" methods="1" coveredmethods="1"/>
      <line num="3" count="66" type="stmt"/>
      <line num="4" count="66" type="stmt"/>
      <line num="5" count="66" type="stmt"/>
    </file>
    <file name="bst.js" path="C:\Users\tedjo\Desktop\BinarySearchTree\src\bst.js">
      <metrics statements="40" coveredstatements="37" conditionals="30" coveredconditionals="25" methods="4" coveredmethods="4"/>
      <line num="3" count="10" type="stmt"/>
      <line num="7" count="6" type="cond" truecount="2" falsecount="0"/>
      <line num="8" count="1" type="stmt"/>
      <line num="10" count="5" type="stmt"/>
      <line num="11" count="5" type="stmt"/>
      <line num="12" count="14" type="cond" truecount="2" falsecount="0"/>
      <line num="13" count="3" type="stmt"/>
      <line num="14" count="11" type="cond" truecount="2" falsecount="0"/>
      <line num="15" count="5" type="stmt"/>
      <line num="16" count="6" type="cond" truecount="1" falsecount="1"/>
      <line num="17" count="6" type="stmt"/>
      <line num="19" count="11" type="cond" truecount="2" falsecount="0"/>
      <line num="20" count="2" type="stmt"/>
      <line num="27" count="1" type="cond" truecount="1" falsecount="1"/>
      <line num="28" count="0" type="stmt"/>
      <line num="30" count="1" type="stmt"/>
      <line num="31" count="1" type="stmt"/>
      <line num="32" count="3" type="cond" truecount="1" falsecount="1"/>
      <line num="33" count="0" type="stmt"/>
      <line num="34" count="3" type="cond" truecount="1" falsecount="1"/>
      <line num="35" count="0" type="stmt"/>
      <line num="36" count="3" type="cond" truecount="1" falsecount="1"/>
      <line num="37" count="3" type="stmt"/>
      <line num="39" count="3" type="cond" truecount="2" falsecount="0"/>
      <line num="40" count="1" type="stmt"/>
      <line num="47" count="65" type="cond" truecount="2" falsecount="0"/>
      <line num="48" count="9" type="stmt"/>
      <line num="50" count="56" type="stmt"/>
      <line num="51" count="56" type="stmt"/>
      <line num="52" count="117" type="cond" truecount="2" falsecount="0"/>
      <line num="53" count="41" type="cond" truecount="2" falsecount="0"/>
      <line num="54" count="10" type="stmt"/>
      <line num="55" count="10" type="stmt"/>
      <line num="57" count="31" type="stmt"/>
      <line num="59" count="76" type="cond" truecount="2" falsecount="0"/>
      <line num="60" count="40" type="cond" truecount="2" falsecount="0"/>
      <line num="61" count="10" type="stmt"/>
      <line num="62" count="10" type="stmt"/>
      <line num="64" count="30" type="stmt"/>
      <line num="67" count="36" type="stmt"/>
    </file>
  </project>
</coverage>
