<?xml version="1.0" encoding="UTF-8"?>
<coverage generated="1677796641439" clover="3.2.0">
  <project timestamp="1677796641440" name="All files">
    <metrics statements="50" coveredstatements="47" conditionals="38" coveredconditionals="34" methods="5" coveredmethods="5" elements="93" coveredelements="86" complexity="0" loc="50" ncloc="50" packages="1" files="2" classes="2"/>
    <file name="bst-node.js" path="C:\Users\tedjo\Desktop\BinarySearchTree\src\bst-node.js">
      <metrics statements="3" coveredstatements="3" conditionals="0" coveredconditionals="0" methods="1" coveredmethods="1"/>
      <line num="3" count="88" type="stmt"/>
      <line num="4" count="88" type="stmt"/>
      <line num="5" count="88" type="stmt"/>
    </file>
    <file name="bst.js" path="C:\Users\tedjo\Desktop\BinarySearchTree\src\bst.js">
      <metrics statements="47" coveredstatements="44" conditionals="38" coveredconditionals="34" methods="4" coveredmethods="4"/>
      <line num="3" count="11" type="stmt"/>
      <line num="7" count="8" type="cond" truecount="2" falsecount="0"/>
      <line num="8" count="1" type="stmt"/>
      <line num="10" count="7" type="stmt"/>
      <line num="11" count="7" type="stmt"/>
      <line num="12" count="19" type="cond" truecount="2" falsecount="0"/>
      <line num="13" count="5" type="stmt"/>
      <line num="14" count="14" type="cond" truecount="2" falsecount="0"/>
      <line num="15" count="5" type="stmt"/>
      <line num="16" count="9" type="cond" truecount="1" falsecount="1"/>
      <line num="17" count="9" type="stmt"/>
      <line num="19" count="14" type="cond" truecount="2" falsecount="0"/>
      <line num="20" count="2" type="stmt"/>
      <line num="27" count="5" type="cond" truecount="2" falsecount="0"/>
      <line num="28" count="1" type="stmt"/>
      <line num="30" count="4" type="stmt"/>
      <line num="31" count="4" type="stmt"/>
      <line num="32" count="11" type="cond" truecount="2" falsecount="0"/>
      <line num="33" count="3" type="stmt"/>
      <line num="35" count="3" type="cond" truecount="4" falsecount="0"/>
      <line num="36" count="2" type="stmt"/>
      <line num="38" count="1" type="cond" truecount="3" falsecount="1"/>
      <line num="39" count="0" type="stmt"/>
      <line num="40" count="0" type="stmt"/>
      <line num="44" count="1" type="stmt"/>
      <line num="45" count="1" type="stmt"/>
      <line num="47" count="8" type="cond" truecount="1" falsecount="1"/>
      <line num="48" count="0" type="stmt"/>
      <line num="49" count="8" type="cond" truecount="1" falsecount="1"/>
      <line num="50" count="8" type="stmt"/>
      <line num="52" count="10" type="cond" truecount="2" falsecount="0"/>
      <line num="53" count="3" type="stmt"/>
      <line num="60" count="87" type="cond" truecount="2" falsecount="0"/>
      <line num="61" count="10" type="stmt"/>
      <line num="63" count="77" type="stmt"/>
      <line num="64" count="77" type="stmt"/>
      <line num="65" count="168" type="cond" truecount="2" falsecount="0"/>
      <line num="66" count="56" type="cond" truecount="2" falsecount="0"/>
      <line num="67" count="10" type="stmt"/>
      <line num="68" count="10" type="stmt"/>
      <line num="70" count="46" type="stmt"/>
      <line num="72" count="112" type="cond" truecount="2" falsecount="0"/>
      <line num="73" count="55" type="cond" truecount="2" falsecount="0"/>
      <line num="74" count="10" type="stmt"/>
      <line num="75" count="10" type="stmt"/>
      <line num="77" count="45" type="stmt"/>
      <line num="80" count="57" type="stmt"/>
    </file>
  </project>
</coverage>
