{"C:\\Users\\tedjo\\Desktop\\BinarySearchTree\\src\\bst-node.js": {"path":"C:\\Users\\tedjo\\Desktop\\BinarySearchTree\\src\\bst-node.js","statementMap":{"0":{"start":{"line":3,"column":4},"end":{"line":3,"column":21}},"1":{"start":{"line":4,"column":4},"end":{"line":4,"column":21}},"2":{"start":{"line":5,"column":4},"end":{"line":5,"column":22}}},"fnMap":{"0":{"name":"(anonymous_0)","decl":{"start":{"line":2,"column":2},"end":{"line":2,"column":3}},"loc":{"start":{"line":2,"column":20},"end":{"line":6,"column":3}},"line":2}},"branchMap":{},"s":{"0":81,"1":81,"2":81},"f":{"0":81},"b":{},"_coverageSchema":"43e27e138ebf9cfc5966b082cf9a028302ed4184","hash":"0feb51cfcf0e1ce2e6eae49de91123bf18adf124"}
,"C:\\Users\\tedjo\\Desktop\\BinarySearchTree\\src\\bst.js": {"path":"C:\\Users\\tedjo\\Desktop\\BinarySearchTree\\src\\bst.js","statementMap":{"0":{"start":{"line":3,"column":4},"end":{"line":3,"column":21}},"1":{"start":{"line":7,"column":4},"end":{"line":23,"column":5}},"2":{"start":{"line":8,"column":6},"end":{"line":8,"column":18}},"3":{"start":{"line":10,"column":24},"end":{"line":10,"column":33}},"4":{"start":{"line":11,"column":6},"end":{"line":22,"column":7}},"5":{"start":{"line":12,"column":8},"end":{"line":18,"column":9}},"6":{"start":{"line":13,"column":10},"end":{"line":13,"column":22}},"7":{"start":{"line":14,"column":15},"end":{"line":18,"column":9}},"8":{"start":{"line":15,"column":10},"end":{"line":15,"column":41}},"9":{"start":{"line":16,"column":15},"end":{"line":18,"column":9}},"10":{"start":{"line":17,"column":10},"end":{"line":17,"column":42}},"11":{"start":{"line":19,"column":8},"end":{"line":21,"column":9}},"12":{"start":{"line":20,"column":10},"end":{"line":20,"column":23}},"13":{"start":{"line":27,"column":4},"end":{"line":49,"column":5}},"14":{"start":{"line":28,"column":6},"end":{"line":28,"column":19}},"15":{"start":{"line":30,"column":24},"end":{"line":30,"column":33}},"16":{"start":{"line":31,"column":6},"end":{"line":48,"column":7}},"17":{"start":{"line":32,"column":8},"end":{"line":44,"column":9}},"18":{"start":{"line":34,"column":10},"end":{"line":39,"column":11}},"19":{"start":{"line":36,"column":12},"end":{"line":36,"column":36}},"20":{"start":{"line":40,"column":15},"end":{"line":44,"column":9}},"21":{"start":{"line":41,"column":10},"end":{"line":41,"column":41}},"22":{"start":{"line":42,"column":15},"end":{"line":44,"column":9}},"23":{"start":{"line":43,"column":10},"end":{"line":43,"column":42}},"24":{"start":{"line":45,"column":8},"end":{"line":47,"column":9}},"25":{"start":{"line":46,"column":10},"end":{"line":46,"column":23}},"26":{"start":{"line":53,"column":4},"end":{"line":76,"column":5}},"27":{"start":{"line":54,"column":6},"end":{"line":54,"column":31}},"28":{"start":{"line":56,"column":24},"end":{"line":56,"column":33}},"29":{"start":{"line":57,"column":6},"end":{"line":75,"column":7}},"30":{"start":{"line":58,"column":8},"end":{"line":74,"column":9}},"31":{"start":{"line":59,"column":10},"end":{"line":64,"column":11}},"32":{"start":{"line":60,"column":12},"end":{"line":60,"column":44}},"33":{"start":{"line":61,"column":12},"end":{"line":61,"column":24}},"34":{"start":{"line":63,"column":12},"end":{"line":63,"column":43}},"35":{"start":{"line":65,"column":15},"end":{"line":74,"column":9}},"36":{"start":{"line":66,"column":10},"end":{"line":71,"column":11}},"37":{"start":{"line":67,"column":12},"end":{"line":67,"column":45}},"38":{"start":{"line":68,"column":12},"end":{"line":68,"column":24}},"39":{"start":{"line":70,"column":12},"end":{"line":70,"column":43}},"40":{"start":{"line":73,"column":10},"end":{"line":73,"column":22}}},"fnMap":{"0":{"name":"(anonymous_0)","decl":{"start":{"line":2,"column":2},"end":{"line":2,"column":3}},"loc":{"start":{"line":2,"column":16},"end":{"line":4,"column":3}},"line":2},"1":{"name":"(anonymous_1)","decl":{"start":{"line":6,"column":2},"end":{"line":6,"column":3}},"loc":{"start":{"line":6,"column":16},"end":{"line":24,"column":3}},"line":6},"2":{"name":"(anonymous_2)","decl":{"start":{"line":26,"column":2},"end":{"line":26,"column":3}},"loc":{"start":{"line":26,"column":16},"end":{"line":50,"column":3}},"line":26},"3":{"name":"(anonymous_3)","decl":{"start":{"line":52,"column":2},"end":{"line":52,"column":3}},"loc":{"start":{"line":52,"column":27},"end":{"line":77,"column":3}},"line":52}},"branchMap":{"0":{"loc":{"start":{"line":7,"column":4},"end":{"line":23,"column":5}},"type":"if","locations":[{"start":{"line":7,"column":4},"end":{"line":23,"column":5}},{"start":{"line":7,"column":4},"end":{"line":23,"column":5}}],"line":7},"1":{"loc":{"start":{"line":12,"column":8},"end":{"line":18,"column":9}},"type":"if","locations":[{"start":{"line":12,"column":8},"end":{"line":18,"column":9}},{"start":{"line":12,"column":8},"end":{"line":18,"column":9}}],"line":12},"2":{"loc":{"start":{"line":14,"column":15},"end":{"line":18,"column":9}},"type":"if","locations":[{"start":{"line":14,"column":15},"end":{"line":18,"column":9}},{"start":{"line":14,"column":15},"end":{"line":18,"column":9}}],"line":14},"3":{"loc":{"start":{"line":16,"column":15},"end":{"line":18,"column":9}},"type":"if","locations":[{"start":{"line":16,"column":15},"end":{"line":18,"column":9}},{"start":{"line":16,"column":15},"end":{"line":18,"column":9}}],"line":16},"4":{"loc":{"start":{"line":19,"column":8},"end":{"line":21,"column":9}},"type":"if","locations":[{"start":{"line":19,"column":8},"end":{"line":21,"column":9}},{"start":{"line":19,"column":8},"end":{"line":21,"column":9}}],"line":19},"5":{"loc":{"start":{"line":27,"column":4},"end":{"line":49,"column":5}},"type":"if","locations":[{"start":{"line":27,"column":4},"end":{"line":49,"column":5}},{"start":{"line":27,"column":4},"end":{"line":49,"column":5}}],"line":27},"6":{"loc":{"start":{"line":32,"column":8},"end":{"line":44,"column":9}},"type":"if","locations":[{"start":{"line":32,"column":8},"end":{"line":44,"column":9}},{"start":{"line":32,"column":8},"end":{"line":44,"column":9}}],"line":32},"7":{"loc":{"start":{"line":34,"column":10},"end":{"line":39,"column":11}},"type":"if","locations":[{"start":{"line":34,"column":10},"end":{"line":39,"column":11}},{"start":{"line":34,"column":10},"end":{"line":39,"column":11}}],"line":34},"8":{"loc":{"start":{"line":34,"column":13},"end":{"line":34,"column":68}},"type":"binary-expr","locations":[{"start":{"line":34,"column":13},"end":{"line":34,"column":38}},{"start":{"line":34,"column":42},"end":{"line":34,"column":68}}],"line":34},"9":{"loc":{"start":{"line":40,"column":15},"end":{"line":44,"column":9}},"type":"if","locations":[{"start":{"line":40,"column":15},"end":{"line":44,"column":9}},{"start":{"line":40,"column":15},"end":{"line":44,"column":9}}],"line":40},"10":{"loc":{"start":{"line":42,"column":15},"end":{"line":44,"column":9}},"type":"if","locations":[{"start":{"line":42,"column":15},"end":{"line":44,"column":9}},{"start":{"line":42,"column":15},"end":{"line":44,"column":9}}],"line":42},"11":{"loc":{"start":{"line":45,"column":8},"end":{"line":47,"column":9}},"type":"if","locations":[{"start":{"line":45,"column":8},"end":{"line":47,"column":9}},{"start":{"line":45,"column":8},"end":{"line":47,"column":9}}],"line":45},"12":{"loc":{"start":{"line":53,"column":4},"end":{"line":76,"column":5}},"type":"if","locations":[{"start":{"line":53,"column":4},"end":{"line":76,"column":5}},{"start":{"line":53,"column":4},"end":{"line":76,"column":5}}],"line":53},"13":{"loc":{"start":{"line":58,"column":8},"end":{"line":74,"column":9}},"type":"if","locations":[{"start":{"line":58,"column":8},"end":{"line":74,"column":9}},{"start":{"line":58,"column":8},"end":{"line":74,"column":9}}],"line":58},"14":{"loc":{"start":{"line":59,"column":10},"end":{"line":64,"column":11}},"type":"if","locations":[{"start":{"line":59,"column":10},"end":{"line":64,"column":11}},{"start":{"line":59,"column":10},"end":{"line":64,"column":11}}],"line":59},"15":{"loc":{"start":{"line":65,"column":15},"end":{"line":74,"column":9}},"type":"if","locations":[{"start":{"line":65,"column":15},"end":{"line":74,"column":9}},{"start":{"line":65,"column":15},"end":{"line":74,"column":9}}],"line":65},"16":{"loc":{"start":{"line":66,"column":10},"end":{"line":71,"column":11}},"type":"if","locations":[{"start":{"line":66,"column":10},"end":{"line":71,"column":11}},{"start":{"line":66,"column":10},"end":{"line":71,"column":11}}],"line":66}},"s":{"0":11,"1":7,"2":1,"3":6,"4":6,"5":17,"6":3,"7":14,"8":5,"9":9,"10":9,"11":14,"12":3,"13":3,"14":1,"15":2,"16":2,"17":7,"18":1,"19":1,"20":6,"21":0,"22":6,"23":6,"24":7,"25":2,"26":80,"27":10,"28":70,"29":70,"30":151,"31":51,"32":10,"33":10,"34":41,"35":100,"36":50,"37":10,"38":10,"39":40,"40":50},"f":{"0":11,"1":7,"2":3,"3":80},"b":{"0":[1,6],"1":[3,14],"2":[5,9],"3":[9,0],"4":[3,11],"5":[1,2],"6":[1,6],"7":[1,0],"8":[1,1],"9":[0,6],"10":[6,0],"11":[2,5],"12":[10,70],"13":[51,100],"14":[10,41],"15":[50,50],"16":[10,40]},"_coverageSchema":"43e27e138ebf9cfc5966b082cf9a028302ed4184","hash":"d8ef07b5eb8b963658a12e9452fdf57c8d93b12a"}
}
