{"C:\\Users\\tedjo\\Desktop\\BinarySearchTree\\src\\bst-node.js": {"path":"C:\\Users\\tedjo\\Desktop\\BinarySearchTree\\src\\bst-node.js","statementMap":{"0":{"start":{"line":3,"column":4},"end":{"line":3,"column":21}},"1":{"start":{"line":4,"column":4},"end":{"line":4,"column":21}},"2":{"start":{"line":5,"column":4},"end":{"line":5,"column":22}}},"fnMap":{"0":{"name":"(anonymous_0)","decl":{"start":{"line":2,"column":2},"end":{"line":2,"column":3}},"loc":{"start":{"line":2,"column":20},"end":{"line":6,"column":3}},"line":2}},"branchMap":{},"s":{"0":66,"1":66,"2":66},"f":{"0":66},"b":{},"_coverageSchema":"43e27e138ebf9cfc5966b082cf9a028302ed4184","hash":"0feb51cfcf0e1ce2e6eae49de91123bf18adf124"}
,"C:\\Users\\tedjo\\Desktop\\BinarySearchTree\\src\\bst.js": {"path":"C:\\Users\\tedjo\\Desktop\\BinarySearchTree\\src\\bst.js","statementMap":{"0":{"start":{"line":3,"column":4},"end":{"line":3,"column":21}},"1":{"start":{"line":7,"column":4},"end":{"line":23,"column":5}},"2":{"start":{"line":8,"column":6},"end":{"line":8,"column":18}},"3":{"start":{"line":10,"column":24},"end":{"line":10,"column":33}},"4":{"start":{"line":11,"column":6},"end":{"line":22,"column":7}},"5":{"start":{"line":12,"column":8},"end":{"line":18,"column":9}},"6":{"start":{"line":13,"column":10},"end":{"line":13,"column":22}},"7":{"start":{"line":14,"column":15},"end":{"line":18,"column":9}},"8":{"start":{"line":15,"column":10},"end":{"line":15,"column":41}},"9":{"start":{"line":16,"column":15},"end":{"line":18,"column":9}},"10":{"start":{"line":17,"column":10},"end":{"line":17,"column":42}},"11":{"start":{"line":19,"column":8},"end":{"line":21,"column":9}},"12":{"start":{"line":20,"column":10},"end":{"line":20,"column":23}},"13":{"start":{"line":27,"column":4},"end":{"line":43,"column":5}},"14":{"start":{"line":28,"column":6},"end":{"line":28,"column":18}},"15":{"start":{"line":30,"column":24},"end":{"line":30,"column":33}},"16":{"start":{"line":31,"column":6},"end":{"line":42,"column":7}},"17":{"start":{"line":32,"column":8},"end":{"line":38,"column":9}},"18":{"start":{"line":33,"column":10},"end":{"line":33,"column":22}},"19":{"start":{"line":34,"column":15},"end":{"line":38,"column":9}},"20":{"start":{"line":35,"column":10},"end":{"line":35,"column":41}},"21":{"start":{"line":36,"column":15},"end":{"line":38,"column":9}},"22":{"start":{"line":37,"column":10},"end":{"line":37,"column":42}},"23":{"start":{"line":39,"column":8},"end":{"line":41,"column":9}},"24":{"start":{"line":40,"column":10},"end":{"line":40,"column":23}},"25":{"start":{"line":47,"column":4},"end":{"line":70,"column":5}},"26":{"start":{"line":48,"column":6},"end":{"line":48,"column":31}},"27":{"start":{"line":50,"column":24},"end":{"line":50,"column":33}},"28":{"start":{"line":51,"column":6},"end":{"line":69,"column":7}},"29":{"start":{"line":52,"column":8},"end":{"line":68,"column":9}},"30":{"start":{"line":53,"column":10},"end":{"line":58,"column":11}},"31":{"start":{"line":54,"column":12},"end":{"line":54,"column":44}},"32":{"start":{"line":55,"column":12},"end":{"line":55,"column":24}},"33":{"start":{"line":57,"column":12},"end":{"line":57,"column":43}},"34":{"start":{"line":59,"column":15},"end":{"line":68,"column":9}},"35":{"start":{"line":60,"column":10},"end":{"line":65,"column":11}},"36":{"start":{"line":61,"column":12},"end":{"line":61,"column":45}},"37":{"start":{"line":62,"column":12},"end":{"line":62,"column":24}},"38":{"start":{"line":64,"column":12},"end":{"line":64,"column":43}},"39":{"start":{"line":67,"column":10},"end":{"line":67,"column":22}}},"fnMap":{"0":{"name":"(anonymous_0)","decl":{"start":{"line":2,"column":2},"end":{"line":2,"column":3}},"loc":{"start":{"line":2,"column":16},"end":{"line":4,"column":3}},"line":2},"1":{"name":"(anonymous_1)","decl":{"start":{"line":6,"column":2},"end":{"line":6,"column":3}},"loc":{"start":{"line":6,"column":16},"end":{"line":24,"column":3}},"line":6},"2":{"name":"(anonymous_2)","decl":{"start":{"line":26,"column":2},"end":{"line":26,"column":3}},"loc":{"start":{"line":26,"column":16},"end":{"line":44,"column":3}},"line":26},"3":{"name":"(anonymous_3)","decl":{"start":{"line":46,"column":2},"end":{"line":46,"column":3}},"loc":{"start":{"line":46,"column":27},"end":{"line":71,"column":3}},"line":46}},"branchMap":{"0":{"loc":{"start":{"line":7,"column":4},"end":{"line":23,"column":5}},"type":"if","locations":[{"start":{"line":7,"column":4},"end":{"line":23,"column":5}},{"start":{"line":7,"column":4},"end":{"line":23,"column":5}}],"line":7},"1":{"loc":{"start":{"line":12,"column":8},"end":{"line":18,"column":9}},"type":"if","locations":[{"start":{"line":12,"column":8},"end":{"line":18,"column":9}},{"start":{"line":12,"column":8},"end":{"line":18,"column":9}}],"line":12},"2":{"loc":{"start":{"line":14,"column":15},"end":{"line":18,"column":9}},"type":"if","locations":[{"start":{"line":14,"column":15},"end":{"line":18,"column":9}},{"start":{"line":14,"column":15},"end":{"line":18,"column":9}}],"line":14},"3":{"loc":{"start":{"line":16,"column":15},"end":{"line":18,"column":9}},"type":"if","locations":[{"start":{"line":16,"column":15},"end":{"line":18,"column":9}},{"start":{"line":16,"column":15},"end":{"line":18,"column":9}}],"line":16},"4":{"loc":{"start":{"line":19,"column":8},"end":{"line":21,"column":9}},"type":"if","locations":[{"start":{"line":19,"column":8},"end":{"line":21,"column":9}},{"start":{"line":19,"column":8},"end":{"line":21,"column":9}}],"line":19},"5":{"loc":{"start":{"line":27,"column":4},"end":{"line":43,"column":5}},"type":"if","locations":[{"start":{"line":27,"column":4},"end":{"line":43,"column":5}},{"start":{"line":27,"column":4},"end":{"line":43,"column":5}}],"line":27},"6":{"loc":{"start":{"line":32,"column":8},"end":{"line":38,"column":9}},"type":"if","locations":[{"start":{"line":32,"column":8},"end":{"line":38,"column":9}},{"start":{"line":32,"column":8},"end":{"line":38,"column":9}}],"line":32},"7":{"loc":{"start":{"line":34,"column":15},"end":{"line":38,"column":9}},"type":"if","locations":[{"start":{"line":34,"column":15},"end":{"line":38,"column":9}},{"start":{"line":34,"column":15},"end":{"line":38,"column":9}}],"line":34},"8":{"loc":{"start":{"line":36,"column":15},"end":{"line":38,"column":9}},"type":"if","locations":[{"start":{"line":36,"column":15},"end":{"line":38,"column":9}},{"start":{"line":36,"column":15},"end":{"line":38,"column":9}}],"line":36},"9":{"loc":{"start":{"line":39,"column":8},"end":{"line":41,"column":9}},"type":"if","locations":[{"start":{"line":39,"column":8},"end":{"line":41,"column":9}},{"start":{"line":39,"column":8},"end":{"line":41,"column":9}}],"line":39},"10":{"loc":{"start":{"line":47,"column":4},"end":{"line":70,"column":5}},"type":"if","locations":[{"start":{"line":47,"column":4},"end":{"line":70,"column":5}},{"start":{"line":47,"column":4},"end":{"line":70,"column":5}}],"line":47},"11":{"loc":{"start":{"line":52,"column":8},"end":{"line":68,"column":9}},"type":"if","locations":[{"start":{"line":52,"column":8},"end":{"line":68,"column":9}},{"start":{"line":52,"column":8},"end":{"line":68,"column":9}}],"line":52},"12":{"loc":{"start":{"line":53,"column":10},"end":{"line":58,"column":11}},"type":"if","locations":[{"start":{"line":53,"column":10},"end":{"line":58,"column":11}},{"start":{"line":53,"column":10},"end":{"line":58,"column":11}}],"line":53},"13":{"loc":{"start":{"line":59,"column":15},"end":{"line":68,"column":9}},"type":"if","locations":[{"start":{"line":59,"column":15},"end":{"line":68,"column":9}},{"start":{"line":59,"column":15},"end":{"line":68,"column":9}}],"line":59},"14":{"loc":{"start":{"line":60,"column":10},"end":{"line":65,"column":11}},"type":"if","locations":[{"start":{"line":60,"column":10},"end":{"line":65,"column":11}},{"start":{"line":60,"column":10},"end":{"line":65,"column":11}}],"line":60}},"s":{"0":10,"1":6,"2":1,"3":5,"4":5,"5":14,"6":3,"7":11,"8":5,"9":6,"10":6,"11":11,"12":2,"13":1,"14":0,"15":1,"16":1,"17":3,"18":0,"19":3,"20":0,"21":3,"22":3,"23":3,"24":1,"25":65,"26":9,"27":56,"28":56,"29":117,"30":41,"31":10,"32":10,"33":31,"34":76,"35":40,"36":10,"37":10,"38":30,"39":36},"f":{"0":10,"1":6,"2":1,"3":65},"b":{"0":[1,5],"1":[3,11],"2":[5,6],"3":[6,0],"4":[2,9],"5":[0,1],"6":[0,3],"7":[0,3],"8":[3,0],"9":[1,2],"10":[9,56],"11":[41,76],"12":[10,31],"13":[40,36],"14":[10,30]},"_coverageSchema":"43e27e138ebf9cfc5966b082cf9a028302ed4184","hash":"07832155f1fafda6ec6a3f7ea7495dc1442b722f"}
}
