TN:
SF:C:\Users\tedjo\Desktop\BinarySearchTree\src\bst-node.js
FN:2,(anonymous_0)
FNF:1
FNH:1
FNDA:88,(anonymous_0)
DA:3,88
DA:4,88
DA:5,88
LF:3
LH:3
BRF:0
BRH:0
end_of_record
TN:
SF:C:\Users\tedjo\Desktop\BinarySearchTree\src\bst.js
FN:2,(anonymous_0)
FN:6,(anonymous_1)
FN:26,(anonymous_2)
FN:59,(anonymous_3)
FNF:4
FNH:4
FNDA:11,(anonymous_0)
FNDA:8,(anonymous_1)
FNDA:5,(anonymous_2)
FNDA:87,(anonymous_3)
DA:3,11
DA:7,8
DA:8,1
DA:10,7
DA:11,7
DA:12,19
DA:13,5
DA:14,14
DA:15,5
DA:16,9
DA:17,9
DA:19,14
DA:20,2
DA:27,5
DA:28,1
DA:30,4
DA:31,4
DA:32,11
DA:33,3
DA:35,3
DA:36,2
DA:38,1
DA:39,0
DA:40,0
DA:44,1
DA:45,1
DA:47,8
DA:48,0
DA:49,8
DA:50,8
DA:52,10
DA:53,3
DA:60,87
DA:61,10
DA:63,77
DA:64,77
DA:65,168
DA:66,56
DA:67,10
DA:68,10
DA:70,46
DA:72,112
DA:73,55
DA:74,10
DA:75,10
DA:77,45
DA:80,57
LF:47
LH:44
BRDA:7,0,0,1
BRDA:7,0,1,7
BRDA:12,1,0,5
BRDA:12,1,1,14
BRDA:14,2,0,5
BRDA:14,2,1,9
BRDA:16,3,0,9
BRDA:16,3,1,0
BRDA:19,4,0,2
BRDA:19,4,1,12
BRDA:27,5,0,1
BRDA:27,5,1,4
BRDA:32,6,0,3
BRDA:32,6,1,8
BRDA:35,7,0,2
BRDA:35,7,1,1
BRDA:35,8,0,3
BRDA:35,8,1,2
BRDA:38,9,0,0
BRDA:38,9,1,1
BRDA:38,10,0,1
BRDA:38,10,1,1
BRDA:47,11,0,0
BRDA:47,11,1,8
BRDA:49,12,0,8
BRDA:49,12,1,0
BRDA:52,13,0,3
BRDA:52,13,1,7
BRDA:60,14,0,10
BRDA:60,14,1,77
BRDA:65,15,0,56
BRDA:65,15,1,112
BRDA:66,16,0,10
BRDA:66,16,1,46
BRDA:72,17,0,55
BRDA:72,17,1,57
BRDA:73,18,0,10
BRDA:73,18,1,45
BRF:38
BRH:34
end_of_record
