TN:
SF:C:\Users\tedjo\Desktop\BinarySearchTree\src\bst-node.js
FN:2,(anonymous_0)
FNF:1
FNH:1
FNDA:81,(anonymous_0)
DA:3,81
DA:4,81
DA:5,81
LF:3
LH:3
BRF:0
BRH:0
end_of_record
TN:
SF:C:\Users\tedjo\Desktop\BinarySearchTree\src\bst.js
FN:2,(anonymous_0)
FN:6,(anonymous_1)
FN:26,(anonymous_2)
FN:52,(anonymous_3)
FNF:4
FNH:4
FNDA:11,(anonymous_0)
FNDA:7,(anonymous_1)
FNDA:3,(anonymous_2)
FNDA:80,(anonymous_3)
DA:3,11
DA:7,7
DA:8,1
DA:10,6
DA:11,6
DA:12,17
DA:13,3
DA:14,14
DA:15,5
DA:16,9
DA:17,9
DA:19,14
DA:20,3
DA:27,3
DA:28,1
DA:30,2
DA:31,2
DA:32,7
DA:34,1
DA:36,1
DA:40,6
DA:41,0
DA:42,6
DA:43,6
DA:45,7
DA:46,2
DA:53,80
DA:54,10
DA:56,70
DA:57,70
DA:58,151
DA:59,51
DA:60,10
DA:61,10
DA:63,41
DA:65,100
DA:66,50
DA:67,10
DA:68,10
DA:70,40
DA:73,50
LF:41
LH:40
BRDA:7,0,0,1
BRDA:7,0,1,6
BRDA:12,1,0,3
BRDA:12,1,1,14
BRDA:14,2,0,5
BRDA:14,2,1,9
BRDA:16,3,0,9
BRDA:16,3,1,0
BRDA:19,4,0,3
BRDA:19,4,1,11
BRDA:27,5,0,1
BRDA:27,5,1,2
BRDA:32,6,0,1
BRDA:32,6,1,6
BRDA:34,7,0,1
BRDA:34,7,1,0
BRDA:34,8,0,1
BRDA:34,8,1,1
BRDA:40,9,0,0
BRDA:40,9,1,6
BRDA:42,10,0,6
BRDA:42,10,1,0
BRDA:45,11,0,2
BRDA:45,11,1,5
BRDA:53,12,0,10
BRDA:53,12,1,70
BRDA:58,13,0,51
BRDA:58,13,1,100
BRDA:59,14,0,10
BRDA:59,14,1,41
BRDA:65,15,0,50
BRDA:65,15,1,50
BRDA:66,16,0,10
BRDA:66,16,1,40
BRF:34
BRH:30
end_of_record
